[OK] message send server is initialized successfully.
[OK] start message send server.
[OK] catch a connect. now handle it.
[OK] database msg inited.
send success.
database msg closed.
[OK] catch a connect. now handle it.
[OK] database msg inited.
send success.
database msg closed.
[OK] catch a connect. now handle it.
[OK] database msg inited.
send success.
database msg closed.
[OK] catch a connect. now handle it.
[OK] database msg inited.
send success.
database msg closed.
[OK] catch a connect. now handle it.
[OK] database msg inited.
send success.
database msg closed.
[OK] catch a connect. now handle it.
[OK] database msg inited.
send success.
database msg closed.
[OK] catch a connect. now handle it.
[OK] database msg inited.
send success.
database msg closed.
[OK] catch a connect. now handle it.
[OK] database msg inited.
send success.
database msg closed.
[OK] catch a connect. now handle it.
[OK] database msg inited.
send success.
database msg closed.
[OK] catch a connect. now handle it.
[OK] database msg inited.
send success.
database msg closed.
[OK] catch a connect. now handle it.
[OK] database msg inited.
send success.
database msg closed.
[OK] catch a connect. now handle it.
[OK] database msg inited.
send success.
[OK] catch a connect. now handle it.
database msg closed.
[OK] database msg inited.
send success.
database msg closed.
[OK] catch a connect. now handle it.
[OK] database msg inited.
send success.
database msg closed.
[OK] catch a connect. now handle it.
[OK] database msg inited.
send success.
database msg closed.
[OK] catch a connect. now handle it.
[OK] database msg inited.
send success.
[OK] catch a connect. now handle it.
database msg closed.
[OK] database msg inited.
send success.
database msg closed.
[OK] catch a connect. now handle it.
[OK] database msg inited.
send success.
database msg closed.
[OK] catch a connect. now handle it.
[OK] database msg inited.
send success.
database msg closed.
[OK] catch a connect. now handle it.
[OK] database msg inited.
send success.
database msg closed.
[OK] catch a connect. now handle it.
[OK] database msg inited.
send success.
database msg closed.
[OK] catch a connect. now handle it.
[OK] database msg inited.
send success.
database msg closed.
[OK] catch a connect. now handle it.
[OK] database msg inited.
send success.
database msg closed.
[OK] catch a connect. now handle it.
[OK] database msg inited.
send success.
database msg closed.
[OK] catch a connect. now handle it.
[OK] database msg inited.
send success.
database msg closed.
[OK] catch a connect. now handle it.
[OK] database msg inited.
send success.
database msg closed.
[OK] catch a connect. now handle it.
[OK] database msg inited.
send success.
database msg closed.
[OK] catch a connect. now handle it.
[OK] database msg inited.
send success.
database msg closed.
[OK] catch a connect. now handle it.
[OK] database msg inited.
send success.
database msg closed.
[OK] catch a connect. now handle it.
[OK] database msg inited.
send success.
database msg closed.
[OK] catch a connect. now handle it.
[OK] database msg inited.
send success.
database msg closed.
[OK] catch a connect. now handle it.
[OK] database msg inited.
send success.
database msg closed.
[OK] catch a connect. now handle it.
[OK] database msg inited.
send success.
database msg closed.
[OK] catch a connect. now handle it.
[OK] database msg inited.
send success.
database msg closed.
[OK] catch a connect. now handle it.
[OK] database msg inited.
send success.
database msg closed.
[OK] catch a connect. now handle it.
[OK] database msg inited.
send success.
database msg closed.
[OK] catch a connect. now handle it.
[OK] database msg inited.
send success.
database msg closed.
[OK] catch a connect. now handle it.
[OK] database msg inited.
send success.
database msg closed.
[OK] catch a connect. now handle it.
[OK] database msg inited.
send success.
database msg closed.
[OK] catch a connect. now handle it.
[OK] database msg inited.
send success.
database msg closed.
[OK] catch a connect. now handle it.
[OK] database msg inited.
send success.
database msg closed.
[OK] catch a connect. now handle it.
[OK] database msg inited.
send success.
database msg closed.
